Arguments: 
  /usr/bin/node /bin/yarn add -D typescript jest @types/jest ts-jest ts-node

PATH: 
  /home/wayne/.yarn/bin:/home/wayne/.yarn/bin:/usr/local/bin:/bin:/usr/bin:/usr/local/sbin:/usr/sbin:/sbin

Yarn version: 
  1.22.10

Node version: 
  14.13.1

Platform: 
  linux x64

Trace: 
  Error: connect EHOSTUNREACH 104.16.22.35:443
      at TCPConnectWrap.afterConnect [as oncomplete] (net.js:1145:16)

npm manifest: 
  {
    "name": "accounting-ts",
    "version": "1.0.0",
    "main": "index.js",
    "license": "MIT"
  }

yarn manifest: 
  No manifest

Lockfile: 
  No lockfile
